<?xml version="1.0" encoding="UTF-8" ?>
<testsuite tests="6" failures="1" name="genpactdemo.Github" time="58.539" errors="0" skipped="5">
  <properties>
    <property name="java.runtime.name" value="Java(TM) SE Runtime Environment"/>
    <property name="sun.boot.library.path" value="C:\Program Files\Java\jdk1.8.0_11\jre\bin"/>
    <property name="java.vm.version" value="25.11-b03"/>
    <property name="java.vm.vendor" value="Oracle Corporation"/>
    <property name="maven.multiModuleProjectDirectory" value="D:\projects\genpactdemocom"/>
    <property name="java.vendor.url" value="http://java.oracle.com/"/>
    <property name="path.separator" value=";"/>
    <property name="guice.disable.misplaced.annotation.check" value="true"/>
    <property name="java.vm.name" value="Java HotSpot(TM) Client VM"/>
    <property name="file.encoding.pkg" value="sun.io"/>
    <property name="user.script" value=""/>
    <property name="user.country" value="US"/>
    <property name="sun.java.launcher" value="SUN_STANDARD"/>
    <property name="sun.os.patch.level" value=""/>
    <property name="test" value="Github"/>
    <property name="java.vm.specification.name" value="Java Virtual Machine Specification"/>
    <property name="user.dir" value="D:\projects\genpactdemocom"/>
    <property name="java.runtime.version" value="1.8.0_11-b12"/>
    <property name="java.awt.graphicsenv" value="sun.awt.Win32GraphicsEnvironment"/>
    <property name="java.endorsed.dirs" value="C:\Program Files\Java\jdk1.8.0_11\jre\lib\endorsed"/>
    <property name="os.arch" value="x86"/>
    <property name="java.io.tmpdir" value="C:\Users\MUKESH~1\AppData\Local\Temp\"/>
    <property name="line.separator" value="
"/>
    <property name="java.vm.specification.vendor" value="Oracle Corporation"/>
    <property name="user.variant" value=""/>
    <property name="os.name" value="Windows 8.1"/>
    <property name="classworlds.conf" value="C:\Program Files\apache-maven-3.3.9\bin\m2.conf"/>
    <property name="sun.jnu.encoding" value="Cp1252"/>
    <property name="java.library.path" value="C:\Program Files\Java\jdk1.8.0_11\bin;C:\Windows\Sun\Java\bin;C:\Windows\system32;C:\Windows;C:\Windows\system32;C:\Windows;C:\Windows\System32\Wbem;C:\Windows\System32\WindowsPowerShell\v1.0\;C:\Program Files\Skype\Phone\;C:\Program Files\Java\jdk1.8.0_11\bin;C:\Program Files\apache-maven-3.3.9\bin;C:\Program Files\Git\cmd;."/>
    <property name="java.specification.name" value="Java Platform API Specification"/>
    <property name="java.class.version" value="52.0"/>
    <property name="sun.management.compiler" value="HotSpot Client Compiler"/>
    <property name="os.version" value="6.3"/>
    <property name="user.home" value="C:\Users\Mukesh_PC"/>
    <property name="user.timezone" value="America/Los_Angeles"/>
    <property name="java.awt.printerjob" value="sun.awt.windows.WPrinterJob"/>
    <property name="java.specification.version" value="1.8"/>
    <property name="file.encoding" value="Cp1252"/>
    <property name="user.name" value="Mukesh_PC"/>
    <property name="java.class.path" value="C:\Program Files\apache-maven-3.3.9\boot\plexus-classworlds-2.5.2.jar"/>
    <property name="java.vm.specification.version" value="1.8"/>
    <property name="sun.arch.data.model" value="32"/>
    <property name="java.home" value="C:\Program Files\Java\jdk1.8.0_11\jre"/>
    <property name="sun.java.command" value="org.codehaus.plexus.classworlds.launcher.Launcher -Dtest=Github test"/>
    <property name="java.specification.vendor" value="Oracle Corporation"/>
    <property name="user.language" value="en"/>
    <property name="awt.toolkit" value="sun.awt.windows.WToolkit"/>
    <property name="java.vm.info" value="mixed mode, sharing"/>
    <property name="java.version" value="1.8.0_11"/>
    <property name="java.ext.dirs" value="C:\Program Files\Java\jdk1.8.0_11\jre\lib\ext;C:\Windows\Sun\Java\lib\ext"/>
    <property name="sun.boot.class.path" value="C:\Program Files\Java\jdk1.8.0_11\jre\lib\resources.jar;C:\Program Files\Java\jdk1.8.0_11\jre\lib\rt.jar;C:\Program Files\Java\jdk1.8.0_11\jre\lib\sunrsasign.jar;C:\Program Files\Java\jdk1.8.0_11\jre\lib\jsse.jar;C:\Program Files\Java\jdk1.8.0_11\jre\lib\jce.jar;C:\Program Files\Java\jdk1.8.0_11\jre\lib\charsets.jar;C:\Program Files\Java\jdk1.8.0_11\jre\lib\jfr.jar;C:\Program Files\Java\jdk1.8.0_11\jre\classes"/>
    <property name="java.vendor" value="Oracle Corporation"/>
    <property name="maven.home" value="C:\Program Files\apache-maven-3.3.9"/>
    <property name="file.separator" value="\"/>
    <property name="java.vendor.url.bug" value="http://bugreport.sun.com/bugreport/"/>
    <property name="sun.cpu.endian" value="little"/>
    <property name="sun.io.unicode.encoding" value="UnicodeLittle"/>
    <property name="sun.desktop" value="windows"/>
    <property name="sun.cpu.isalist" value="pentium_pro+mmx pentium_pro pentium+mmx pentium i486 i386 i86"/>
  </properties>
  <testcase classname="genpactdemo.Github" name="setup" time="58.539">
    <failure message="Failed to connect to binary FirefoxBinary(C:\Program Files\Mozilla Firefox\firefox.exe) on port 7055; process output follows: 
or&quot;:&quot;Mozilla&quot;,&quot;homepageURL&quot;:null,&quot;contributors&quot;:[&quot;Mozilla Contributors&quot;]},&quot;visible&quot;:true,&quot;active&quot;:true,&quot;userDisabled&quot;:false,&quot;appDisabled&quot;:false,&quot;descriptor&quot;:&quot;C:\\Program Files\\Mozilla Firefox\\browser\\extensions\\{972ce4c6-7e08-4474-a285-3208198ce6fd}.xpi&quot;,&quot;installDate&quot;:1481246673000,&quot;updateDate&quot;:1481246673000,&quot;applyBackgroundUpdates&quot;:1,&quot;skinnable&quot;:true,&quot;size&quot;:21152,&quot;sourceURI&quot;:null,&quot;releaseNotesURI&quot;:null,&quot;softDisabled&quot;:false,&quot;foreignInstall&quot;:false,&quot;hasBinaryComponents&quot;:false,&quot;strictCompatibility&quot;:true,&quot;locales&quot;:[],&quot;targetApplications&quot;:[{&quot;id&quot;:&quot;{ec8030f7-c20a-464f-9b0e-13a3a9e97384}&quot;,&quot;minVersion&quot;:&quot;50.1.0&quot;,&quot;maxVersion&quot;:&quot;50.1.0&quot;}],&quot;targetPlatforms&quot;:[],&quot;seen&quot;:true}
1484932426609	addons.xpi	DEBUG	getModTime: Recursive scan of {972ce4c6-7e08-4474-a285-3208198ce6fd}
1484932426613	DeferredSave.extensions.json	DEBUG	Save changes
1484932426613	addons.xpi	DEBUG	Updating database with changes to installed add-ons
1484932426613	addons.xpi-utils	DEBUG	Updating add-on states
1484932426616	addons.xpi-utils	DEBUG	Writing add-ons list
1484932426629	addons.xpi	DEBUG	Registering manifest for C:\Program Files\Mozilla Firefox\browser\features\aushelper@mozilla.org.xpi
1484932426630	addons.xpi	DEBUG	Calling bootstrap method startup on aushelper@mozilla.org version 1.0
1484932426634	addons.xpi	DEBUG	Registering manifest for C:\Program Files\Mozilla Firefox\browser\features\e10srollout@mozilla.org.xpi
1484932426635	addons.xpi	DEBUG	Calling bootstrap method startup on e10srollout@mozilla.org version 1.5
1484932426637	addons.xpi	DEBUG	Registering manifest for C:\Program Files\Mozilla Firefox\browser\features\firefox@getpocket.com.xpi
1484932426640	addons.xpi	DEBUG	Calling bootstrap method startup on firefox@getpocket.com version 1.0.5
1484932426642	addons.xpi	DEBUG	Registering manifest for C:\Program Files\Mozilla Firefox\browser\features\webcompat@mozilla.org.xpi
1484932426643	addons.xpi	DEBUG	Calling bootstrap method startup on webcompat@mozilla.org version 1.0
1484932426650	addons.manager	DEBUG	Registering shutdown blocker for XPIProvider
1484932426653	addons.manager	DEBUG	Provider finished startup: XPIProvider
1484932426655	addons.manager	DEBUG	Starting provider: LightweightThemeManager
1484932426655	addons.manager	DEBUG	Registering shutdown blocker for LightweightThemeManager
1484932426656	addons.manager	DEBUG	Provider finished startup: LightweightThemeManager
1484932426658	addons.manager	DEBUG	Starting provider: GMPProvider
1484932426689	addons.manager	DEBUG	Registering shutdown blocker for GMPProvider
1484932426690	addons.manager	DEBUG	Provider finished startup: GMPProvider
1484932426690	addons.manager	DEBUG	Starting provider: PluginProvider
1484932426694	addons.manager	DEBUG	Registering shutdown blocker for PluginProvider
1484932426695	addons.manager	DEBUG	Provider finished startup: PluginProvider
1484932426697	addons.manager	DEBUG	Completed startup sequence
1484932429454	addons.manager	DEBUG	Starting provider: &lt;unnamed-provider&gt;
1484932429455	addons.manager	DEBUG	Registering shutdown blocker for &lt;unnamed-provider&gt;
1484932429457	addons.manager	DEBUG	Provider finished startup: &lt;unnamed-provider&gt;
1484932430203	DeferredSave.extensions.json	DEBUG	Write succeeded
1484932430204	addons.xpi-utils	DEBUG	XPI Database saved, setting schema version preference to 17
1484932430204	DeferredSave.extensions.json	DEBUG	Starting timer
1484932430234	DeferredSave.extensions.json	DEBUG	Starting write
1484932430283	addons.repository	DEBUG	No addons.json found.
1484932430285	DeferredSave.addons.json	DEBUG	Save changes
1484932430297	DeferredSave.addons.json	DEBUG	Starting timer
1484932430700	addons.manager	DEBUG	Starting provider: PreviousExperimentProvider
1484932430701	addons.manager	DEBUG	Registering shutdown blocker for PreviousExperimentProvider
1484932430702	addons.manager	DEBUG	Provider finished startup: PreviousExperimentProvider
1484932430714	DeferredSave.addons.json	DEBUG	Starting write
1484932430822	DeferredSave.extensions.json	DEBUG	Write succeeded
1484932430928	DeferredSave.addons.json	DEBUG	Write succeeded

Build info: version: &apos;2.53.1&apos;, revision: &apos;a36b8b1cd5757287168e54b817830adce9b0158d&apos;, time: &apos;2016-06-30 19:26:09&apos;
System info: host: &apos;mukesh&apos;, ip: &apos;192.168.0.106&apos;, os.name: &apos;Windows 8.1&apos;, os.arch: &apos;x86&apos;, os.version: &apos;6.3&apos;, java.version: &apos;1.8.0_11&apos;
Driver info: driver.version: FirefoxDriver" type="org.openqa.selenium.WebDriverException">org.openqa.selenium.WebDriverException: Failed to connect to binary FirefoxBinary(C:\Program Files\Mozilla Firefox\firefox.exe) on port 7055; process output follows: 
or&quot;:&quot;Mozilla&quot;,&quot;homepageURL&quot;:null,&quot;contributors&quot;:[&quot;Mozilla Contributors&quot;]},&quot;visible&quot;:true,&quot;active&quot;:true,&quot;userDisabled&quot;:false,&quot;appDisabled&quot;:false,&quot;descriptor&quot;:&quot;C:\\Program Files\\Mozilla Firefox\\browser\\extensions\\{972ce4c6-7e08-4474-a285-3208198ce6fd}.xpi&quot;,&quot;installDate&quot;:1481246673000,&quot;updateDate&quot;:1481246673000,&quot;applyBackgroundUpdates&quot;:1,&quot;skinnable&quot;:true,&quot;size&quot;:21152,&quot;sourceURI&quot;:null,&quot;releaseNotesURI&quot;:null,&quot;softDisabled&quot;:false,&quot;foreignInstall&quot;:false,&quot;hasBinaryComponents&quot;:false,&quot;strictCompatibility&quot;:true,&quot;locales&quot;:[],&quot;targetApplications&quot;:[{&quot;id&quot;:&quot;{ec8030f7-c20a-464f-9b0e-13a3a9e97384}&quot;,&quot;minVersion&quot;:&quot;50.1.0&quot;,&quot;maxVersion&quot;:&quot;50.1.0&quot;}],&quot;targetPlatforms&quot;:[],&quot;seen&quot;:true}
1484932426609	addons.xpi	DEBUG	getModTime: Recursive scan of {972ce4c6-7e08-4474-a285-3208198ce6fd}
1484932426613	DeferredSave.extensions.json	DEBUG	Save changes
1484932426613	addons.xpi	DEBUG	Updating database with changes to installed add-ons
1484932426613	addons.xpi-utils	DEBUG	Updating add-on states
1484932426616	addons.xpi-utils	DEBUG	Writing add-ons list
1484932426629	addons.xpi	DEBUG	Registering manifest for C:\Program Files\Mozilla Firefox\browser\features\aushelper@mozilla.org.xpi
1484932426630	addons.xpi	DEBUG	Calling bootstrap method startup on aushelper@mozilla.org version 1.0
1484932426634	addons.xpi	DEBUG	Registering manifest for C:\Program Files\Mozilla Firefox\browser\features\e10srollout@mozilla.org.xpi
1484932426635	addons.xpi	DEBUG	Calling bootstrap method startup on e10srollout@mozilla.org version 1.5
1484932426637	addons.xpi	DEBUG	Registering manifest for C:\Program Files\Mozilla Firefox\browser\features\firefox@getpocket.com.xpi
1484932426640	addons.xpi	DEBUG	Calling bootstrap method startup on firefox@getpocket.com version 1.0.5
1484932426642	addons.xpi	DEBUG	Registering manifest for C:\Program Files\Mozilla Firefox\browser\features\webcompat@mozilla.org.xpi
1484932426643	addons.xpi	DEBUG	Calling bootstrap method startup on webcompat@mozilla.org version 1.0
1484932426650	addons.manager	DEBUG	Registering shutdown blocker for XPIProvider
1484932426653	addons.manager	DEBUG	Provider finished startup: XPIProvider
1484932426655	addons.manager	DEBUG	Starting provider: LightweightThemeManager
1484932426655	addons.manager	DEBUG	Registering shutdown blocker for LightweightThemeManager
1484932426656	addons.manager	DEBUG	Provider finished startup: LightweightThemeManager
1484932426658	addons.manager	DEBUG	Starting provider: GMPProvider
1484932426689	addons.manager	DEBUG	Registering shutdown blocker for GMPProvider
1484932426690	addons.manager	DEBUG	Provider finished startup: GMPProvider
1484932426690	addons.manager	DEBUG	Starting provider: PluginProvider
1484932426694	addons.manager	DEBUG	Registering shutdown blocker for PluginProvider
1484932426695	addons.manager	DEBUG	Provider finished startup: PluginProvider
1484932426697	addons.manager	DEBUG	Completed startup sequence
1484932429454	addons.manager	DEBUG	Starting provider: &lt;unnamed-provider&gt;
1484932429455	addons.manager	DEBUG	Registering shutdown blocker for &lt;unnamed-provider&gt;
1484932429457	addons.manager	DEBUG	Provider finished startup: &lt;unnamed-provider&gt;
1484932430203	DeferredSave.extensions.json	DEBUG	Write succeeded
1484932430204	addons.xpi-utils	DEBUG	XPI Database saved, setting schema version preference to 17
1484932430204	DeferredSave.extensions.json	DEBUG	Starting timer
1484932430234	DeferredSave.extensions.json	DEBUG	Starting write
1484932430283	addons.repository	DEBUG	No addons.json found.
1484932430285	DeferredSave.addons.json	DEBUG	Save changes
1484932430297	DeferredSave.addons.json	DEBUG	Starting timer
1484932430700	addons.manager	DEBUG	Starting provider: PreviousExperimentProvider
1484932430701	addons.manager	DEBUG	Registering shutdown blocker for PreviousExperimentProvider
1484932430702	addons.manager	DEBUG	Provider finished startup: PreviousExperimentProvider
1484932430714	DeferredSave.addons.json	DEBUG	Starting write
1484932430822	DeferredSave.extensions.json	DEBUG	Write succeeded
1484932430928	DeferredSave.addons.json	DEBUG	Write succeeded
Build info: version: &apos;2.53.1&apos;, revision: &apos;a36b8b1cd5757287168e54b817830adce9b0158d&apos;, time: &apos;2016-06-30 19:26:09&apos;
System info: host: &apos;mukesh&apos;, ip: &apos;192.168.0.106&apos;, os.name: &apos;Windows 8.1&apos;, os.arch: &apos;x86&apos;, os.version: &apos;6.3&apos;, java.version: &apos;1.8.0_11&apos;
Driver info: driver.version: FirefoxDriver
	at org.openqa.selenium.firefox.internal.NewProfileExtensionConnection.start(NewProfileExtensionConnection.java:125)
	at org.openqa.selenium.firefox.FirefoxDriver.startClient(FirefoxDriver.java:271)
	at org.openqa.selenium.remote.RemoteWebDriver.&lt;init&gt;(RemoteWebDriver.java:119)
	at org.openqa.selenium.firefox.FirefoxDriver.&lt;init&gt;(FirefoxDriver.java:216)
	at org.openqa.selenium.firefox.FirefoxDriver.&lt;init&gt;(FirefoxDriver.java:211)
	at org.openqa.selenium.firefox.FirefoxDriver.&lt;init&gt;(FirefoxDriver.java:207)
	at org.openqa.selenium.firefox.FirefoxDriver.&lt;init&gt;(FirefoxDriver.java:120)
	at genpactdemo.Github.setup(Github.java:23)
Caused by: org.openqa.selenium.firefox.NotConnectedException: Unable to connect to host 127.0.0.1 on port 7055 after 45000 ms. Firefox console output:
or&quot;:&quot;Mozilla&quot;,&quot;homepageURL&quot;:null,&quot;contributors&quot;:[&quot;Mozilla Contributors&quot;]},&quot;visible&quot;:true,&quot;active&quot;:true,&quot;userDisabled&quot;:false,&quot;appDisabled&quot;:false,&quot;descriptor&quot;:&quot;C:\\Program Files\\Mozilla Firefox\\browser\\extensions\\{972ce4c6-7e08-4474-a285-3208198ce6fd}.xpi&quot;,&quot;installDate&quot;:1481246673000,&quot;updateDate&quot;:1481246673000,&quot;applyBackgroundUpdates&quot;:1,&quot;skinnable&quot;:true,&quot;size&quot;:21152,&quot;sourceURI&quot;:null,&quot;releaseNotesURI&quot;:null,&quot;softDisabled&quot;:false,&quot;foreignInstall&quot;:false,&quot;hasBinaryComponents&quot;:false,&quot;strictCompatibility&quot;:true,&quot;locales&quot;:[],&quot;targetApplications&quot;:[{&quot;id&quot;:&quot;{ec8030f7-c20a-464f-9b0e-13a3a9e97384}&quot;,&quot;minVersion&quot;:&quot;50.1.0&quot;,&quot;maxVersion&quot;:&quot;50.1.0&quot;}],&quot;targetPlatforms&quot;:[],&quot;seen&quot;:true}
1484932426609	addons.xpi	DEBUG	getModTime: Recursive scan of {972ce4c6-7e08-4474-a285-3208198ce6fd}
1484932426613	DeferredSave.extensions.json	DEBUG	Save changes
1484932426613	addons.xpi	DEBUG	Updating database with changes to installed add-ons
1484932426613	addons.xpi-utils	DEBUG	Updating add-on states
1484932426616	addons.xpi-utils	DEBUG	Writing add-ons list
1484932426629	addons.xpi	DEBUG	Registering manifest for C:\Program Files\Mozilla Firefox\browser\features\aushelper@mozilla.org.xpi
1484932426630	addons.xpi	DEBUG	Calling bootstrap method startup on aushelper@mozilla.org version 1.0
1484932426634	addons.xpi	DEBUG	Registering manifest for C:\Program Files\Mozilla Firefox\browser\features\e10srollout@mozilla.org.xpi
1484932426635	addons.xpi	DEBUG	Calling bootstrap method startup on e10srollout@mozilla.org version 1.5
1484932426637	addons.xpi	DEBUG	Registering manifest for C:\Program Files\Mozilla Firefox\browser\features\firefox@getpocket.com.xpi
1484932426640	addons.xpi	DEBUG	Calling bootstrap method startup on firefox@getpocket.com version 1.0.5
1484932426642	addons.xpi	DEBUG	Registering manifest for C:\Program Files\Mozilla Firefox\browser\features\webcompat@mozilla.org.xpi
1484932426643	addons.xpi	DEBUG	Calling bootstrap method startup on webcompat@mozilla.org version 1.0
1484932426650	addons.manager	DEBUG	Registering shutdown blocker for XPIProvider
1484932426653	addons.manager	DEBUG	Provider finished startup: XPIProvider
1484932426655	addons.manager	DEBUG	Starting provider: LightweightThemeManager
1484932426655	addons.manager	DEBUG	Registering shutdown blocker for LightweightThemeManager
1484932426656	addons.manager	DEBUG	Provider finished startup: LightweightThemeManager
1484932426658	addons.manager	DEBUG	Starting provider: GMPProvider
1484932426689	addons.manager	DEBUG	Registering shutdown blocker for GMPProvider
1484932426690	addons.manager	DEBUG	Provider finished startup: GMPProvider
1484932426690	addons.manager	DEBUG	Starting provider: PluginProvider
1484932426694	addons.manager	DEBUG	Registering shutdown blocker for PluginProvider
1484932426695	addons.manager	DEBUG	Provider finished startup: PluginProvider
1484932426697	addons.manager	DEBUG	Completed startup sequence
1484932429454	addons.manager	DEBUG	Starting provider: &lt;unnamed-provider&gt;
1484932429455	addons.manager	DEBUG	Registering shutdown blocker for &lt;unnamed-provider&gt;
1484932429457	addons.manager	DEBUG	Provider finished startup: &lt;unnamed-provider&gt;
1484932430203	DeferredSave.extensions.json	DEBUG	Write succeeded
1484932430204	addons.xpi-utils	DEBUG	XPI Database saved, setting schema version preference to 17
1484932430204	DeferredSave.extensions.json	DEBUG	Starting timer
1484932430234	DeferredSave.extensions.json	DEBUG	Starting write
1484932430283	addons.repository	DEBUG	No addons.json found.
1484932430285	DeferredSave.addons.json	DEBUG	Save changes
1484932430297	DeferredSave.addons.json	DEBUG	Starting timer
1484932430700	addons.manager	DEBUG	Starting provider: PreviousExperimentProvider
1484932430701	addons.manager	DEBUG	Registering shutdown blocker for PreviousExperimentProvider
1484932430702	addons.manager	DEBUG	Provider finished startup: PreviousExperimentProvider
1484932430714	DeferredSave.addons.json	DEBUG	Starting write
1484932430822	DeferredSave.extensions.json	DEBUG	Write succeeded
1484932430928	DeferredSave.addons.json	DEBUG	Write succeeded

	at org.openqa.selenium.firefox.internal.NewProfileExtensionConnection.start(NewProfileExtensionConnection.java:113)
	... 42 more
</failure>
    <system-out>Configuring TestNG with: org.apache.maven.surefire.testng.conf.TestNG652Configurator@a570f
</system-out>
    <system-err>org.openqa.selenium.firefox.NotConnectedException: Unable to connect to host 127.0.0.1 on port 7055 after 45000 ms. Firefox console output:
or&quot;:&quot;Mozilla&quot;,&quot;homepageURL&quot;:null,&quot;contributors&quot;:[&quot;Mozilla Contributors&quot;]},&quot;visible&quot;:true,&quot;active&quot;:true,&quot;userDisabled&quot;:false,&quot;appDisabled&quot;:false,&quot;descriptor&quot;:&quot;C:\\Program Files\\Mozilla Firefox\\browser\\extensions\\{972ce4c6-7e08-4474-a285-3208198ce6fd}.xpi&quot;,&quot;installDate&quot;:1481246673000,&quot;updateDate&quot;:1481246673000,&quot;applyBackgroundUpdates&quot;:1,&quot;skinnable&quot;:true,&quot;size&quot;:21152,&quot;sourceURI&quot;:null,&quot;releaseNotesURI&quot;:null,&quot;softDisabled&quot;:false,&quot;foreignInstall&quot;:false,&quot;hasBinaryComponents&quot;:false,&quot;strictCompatibility&quot;:true,&quot;locales&quot;:[],&quot;targetApplications&quot;:[{&quot;id&quot;:&quot;{ec8030f7-c20a-464f-9b0e-13a3a9e97384}&quot;,&quot;minVersion&quot;:&quot;50.1.0&quot;,&quot;maxVersion&quot;:&quot;50.1.0&quot;}],&quot;targetPlatforms&quot;:[],&quot;seen&quot;:true}
1484932426609	addons.xpi	DEBUG	getModTime: Recursive scan of {972ce4c6-7e08-4474-a285-3208198ce6fd}
1484932426613	DeferredSave.extensions.json	DEBUG	Save changes
1484932426613	addons.xpi	DEBUG	Updating database with changes to installed add-ons
1484932426613	addons.xpi-utils	DEBUG	Updating add-on states
1484932426616	addons.xpi-utils	DEBUG	Writing add-ons list
1484932426629	addons.xpi	DEBUG	Registering manifest for C:\Program Files\Mozilla Firefox\browser\features\aushelper@mozilla.org.xpi
1484932426630	addons.xpi	DEBUG	Calling bootstrap method startup on aushelper@mozilla.org version 1.0
1484932426634	addons.xpi	DEBUG	Registering manifest for C:\Program Files\Mozilla Firefox\browser\features\e10srollout@mozilla.org.xpi
1484932426635	addons.xpi	DEBUG	Calling bootstrap method startup on e10srollout@mozilla.org version 1.5
1484932426637	addons.xpi	DEBUG	Registering manifest for C:\Program Files\Mozilla Firefox\browser\features\firefox@getpocket.com.xpi
1484932426640	addons.xpi	DEBUG	Calling bootstrap method startup on firefox@getpocket.com version 1.0.5
1484932426642	addons.xpi	DEBUG	Registering manifest for C:\Program Files\Mozilla Firefox\browser\features\webcompat@mozilla.org.xpi
1484932426643	addons.xpi	DEBUG	Calling bootstrap method startup on webcompat@mozilla.org version 1.0
1484932426650	addons.manager	DEBUG	Registering shutdown blocker for XPIProvider
1484932426653	addons.manager	DEBUG	Provider finished startup: XPIProvider
1484932426655	addons.manager	DEBUG	Starting provider: LightweightThemeManager
1484932426655	addons.manager	DEBUG	Registering shutdown blocker for LightweightThemeManager
1484932426656	addons.manager	DEBUG	Provider finished startup: LightweightThemeManager
1484932426658	addons.manager	DEBUG	Starting provider: GMPProvider
1484932426689	addons.manager	DEBUG	Registering shutdown blocker for GMPProvider
1484932426690	addons.manager	DEBUG	Provider finished startup: GMPProvider
1484932426690	addons.manager	DEBUG	Starting provider: PluginProvider
1484932426694	addons.manager	DEBUG	Registering shutdown blocker for PluginProvider
1484932426695	addons.manager	DEBUG	Provider finished startup: PluginProvider
1484932426697	addons.manager	DEBUG	Completed startup sequence
1484932429454	addons.manager	DEBUG	Starting provider: &lt;unnamed-provider&gt;
1484932429455	addons.manager	DEBUG	Registering shutdown blocker for &lt;unnamed-provider&gt;
1484932429457	addons.manager	DEBUG	Provider finished startup: &lt;unnamed-provider&gt;
1484932430203	DeferredSave.extensions.json	DEBUG	Write succeeded
1484932430204	addons.xpi-utils	DEBUG	XPI Database saved, setting schema version preference to 17
1484932430204	DeferredSave.extensions.json	DEBUG	Starting timer
1484932430234	DeferredSave.extensions.json	DEBUG	Starting write
1484932430283	addons.repository	DEBUG	No addons.json found.
1484932430285	DeferredSave.addons.json	DEBUG	Save changes
1484932430297	DeferredSave.addons.json	DEBUG	Starting timer
1484932430700	addons.manager	DEBUG	Starting provider: PreviousExperimentProvider
1484932430701	addons.manager	DEBUG	Registering shutdown blocker for PreviousExperimentProvider
1484932430702	addons.manager	DEBUG	Provider finished startup: PreviousExperimentProvider
1484932430714	DeferredSave.addons.json	DEBUG	Starting write
1484932430822	DeferredSave.extensions.json	DEBUG	Write succeeded
1484932430928	DeferredSave.addons.json	DEBUG	Write succeeded

	at org.openqa.selenium.firefox.internal.NewProfileExtensionConnection.start(NewProfileExtensionConnection.java:113)
	at org.openqa.selenium.firefox.FirefoxDriver.startClient(FirefoxDriver.java:271)
	at org.openqa.selenium.remote.RemoteWebDriver.&lt;init&gt;(RemoteWebDriver.java:119)
	at org.openqa.selenium.firefox.FirefoxDriver.&lt;init&gt;(FirefoxDriver.java:216)
	at org.openqa.selenium.firefox.FirefoxDriver.&lt;init&gt;(FirefoxDriver.java:211)
	at org.openqa.selenium.firefox.FirefoxDriver.&lt;init&gt;(FirefoxDriver.java:207)
	at org.openqa.selenium.firefox.FirefoxDriver.&lt;init&gt;(FirefoxDriver.java:120)
	at genpactdemo.Github.setup(Github.java:23)
	at sun.reflect.NativeMethodAccessorImpl.invoke0(Native Method)
	at sun.reflect.NativeMethodAccessorImpl.invoke(NativeMethodAccessorImpl.java:62)
	at sun.reflect.DelegatingMethodAccessorImpl.invoke(DelegatingMethodAccessorImpl.java:43)
	at java.lang.reflect.Method.invoke(Method.java:483)
	at org.testng.internal.MethodInvocationHelper.invokeMethod(MethodInvocationHelper.java:84)
	at org.testng.internal.Invoker.invokeConfigurationMethod(Invoker.java:564)
	at org.testng.internal.Invoker.invokeConfigurations(Invoker.java:213)
	at org.testng.internal.Invoker.invokeMethod(Invoker.java:653)
	at org.testng.internal.Invoker.invokeTestMethod(Invoker.java:901)
	at org.testng.internal.Invoker.invokeTestMethods(Invoker.java:1231)
	at org.testng.internal.TestMethodWorker.invokeTestMethods(TestMethodWorker.java:127)
	at org.testng.internal.TestMethodWorker.run(TestMethodWorker.java:111)
	at org.testng.TestRunner.privateRun(TestRunner.java:767)
	at org.testng.TestRunner.run(TestRunner.java:617)
	at org.testng.SuiteRunner.runTest(SuiteRunner.java:334)
	at org.testng.SuiteRunner.runSequentially(SuiteRunner.java:329)
	at org.testng.SuiteRunner.privateRun(SuiteRunner.java:291)
	at org.testng.SuiteRunner.run(SuiteRunner.java:240)
	at org.testng.SuiteRunnerWorker.runSuite(SuiteRunnerWorker.java:52)
	at org.testng.SuiteRunnerWorker.run(SuiteRunnerWorker.java:86)
	at org.testng.TestNG.runSuitesSequentially(TestNG.java:1224)
	at org.testng.TestNG.runSuitesLocally(TestNG.java:1149)
	at org.testng.TestNG.run(TestNG.java:1057)
	at org.apache.maven.surefire.testng.TestNGExecutor.run(TestNGExecutor.java:77)
	at org.apache.maven.surefire.testng.TestNGDirectoryTestSuite.execute(TestNGDirectoryTestSuite.java:110)
	at org.apache.maven.surefire.testng.TestNGProvider.invoke(TestNGProvider.java:106)
	at sun.reflect.NativeMethodAccessorImpl.invoke0(Native Method)
	at sun.reflect.NativeMethodAccessorImpl.invoke(NativeMethodAccessorImpl.java:62)
	at sun.reflect.DelegatingMethodAccessorImpl.invoke(DelegatingMethodAccessorImpl.java:43)
	at java.lang.reflect.Method.invoke(Method.java:483)
	at org.apache.maven.surefire.util.ReflectionUtils.invokeMethodWithArray(ReflectionUtils.java:189)
	at org.apache.maven.surefire.booter.ProviderFactory$ProviderProxy.invoke(ProviderFactory.java:165)
	at org.apache.maven.surefire.booter.ProviderFactory.invokeProvider(ProviderFactory.java:85)
	at org.apache.maven.surefire.booter.ForkedBooter.runSuitesInProcess(ForkedBooter.java:115)
	at org.apache.maven.surefire.booter.ForkedBooter.main(ForkedBooter.java:75)
</system-err>
  </testcase>
  <testcase classname="genpactdemo.Github" name="LoginWithValidCreadentails" time="0">
    <skipped/>
  </testcase>
  <testcase classname="genpactdemo.Github" name="quit" time="0">
    <skipped/>
  </testcase>
  <testcase classname="genpactdemo.Github" name="setup" time="0">
    <skipped/>
  </testcase>
  <testcase classname="genpactdemo.Github" name="LoginWithInValidCreadentails" time="0">
    <skipped/>
  </testcase>
  <testcase classname="genpactdemo.Github" name="quit" time="0">
    <skipped/>
  </testcase>
</testsuite>